<?xml version="1.0" encoding="UTF-8"?>
<testsuite name="com.darren.transactionisolation.TransactionIsolationApplicationTests" tests="1" skipped="0" failures="0" errors="0" timestamp="2021-11-28T23:21:49" hostname="su-macbook-719f" time="0.056">
  <properties/>
  <testcase name="contextLoads()" classname="com.darren.transactionisolation.TransactionIsolationApplicationTests" time="0.056"/>
  <system-out><![CDATA[
  .   ____          _            __ _ _
 /\\ / ___'_ __ _ _(_)_ __  __ _ \ \ \ \
( ( )\___ | '_ | '_| | '_ \/ _` | \ \ \ \
 \\/  ___)| |_)| | | | | || (_| |  ) ) ) )
  '  |____| .__|_| |_|_| |_\__, | / / / /
 =========|_|==============|___/=/_/_/_/
 :: Spring Boot ::       (v2.3.10.RELEASE)

]]></system-out>
  <system-err><![CDATA[]]></system-err>
</testsuite>
